# JRE version: Java(TM) SE Runtime Environment (8.0_211-b12) (build 1.8.0_211-b12)
# Java VM: Java HotSpot(TM) 64-Bit Server VM (25.211-b12 mixed mode windows-amd64 compressed oops)
Heap:
 PSYoungGen      total 455168K, used 274204K [0x00000000d5f00000, 0x00000000ff280000, 0x0000000100000000)
  eden space 235520K, 68% used [0x00000000d5f00000,0x00000000dfb7d0c0,0x00000000e4500000)
  from space 219648K, 51% used [0x00000000e4500000,0x00000000eb449fe0,0x00000000f1b80000)
  to   space 216576K, 0% used [0x00000000f1f00000,0x00000000f1f00000,0x00000000ff280000)
 ParOldGen       total 1013248K, used 701934K [0x0000000081c00000, 0x00000000bf980000, 0x00000000d5f00000)
  object space 1013248K, 69% used [0x0000000081c00000,0x00000000ac97b818,0x00000000bf980000)
 Metaspace       used 11201K, capacity 11497K, committed 11776K, reserved 1060864K
  class space    used 888K, capacity 986K, committed 1024K, reserved 1048576K
GC Heap History (10 events):
Event: 123.654 GC heap before
{Heap before GC invocations=50 (full 7):
 PSYoungGen      total 457216K, used 310416K [0x00000000d5f00000, 0x00000000ffe80000, 0x0000000100000000)
  eden space 228864K, 100% used [0x00000000d5f00000,0x00000000e3e80000,0x00000000e3e80000)
  from space 228352K, 35% used [0x00000000f1f80000,0x00000000f6f24010,0x00000000ffe80000)
  to   space 229376K, 0% used [0x00000000e3e80000,0x00000000e3e80000,0x00000000f1e80000)
 ParOldGen       total 1013248K, used 605577K [0x0000000081c00000, 0x00000000bf980000, 0x00000000d5f00000)
  object space 1013248K, 59% used [0x0000000081c00000,0x00000000a6b62738,0x00000000bf980000)
 Metaspace       used 11201K, capacity 11497K, committed 11776K, reserved 1060864K
  class space    used 888K, capacity 986K, committed 1024K, reserved 1048576K
Event: 123.731 GC heap after
Heap after GC invocations=50 (full 7):
 PSYoungGen      total 458240K, used 46800K [0x00000000d5f00000, 0x0000000100000000, 0x0000000100000000)
  eden space 228864K, 0% used [0x00000000d5f00000,0x00000000d5f00000,0x00000000e3e80000)
  from space 229376K, 20% used [0x00000000e3e80000,0x00000000e6c34030,0x00000000f1e80000)
  to   space 229376K, 0% used [0x00000000f2000000,0x00000000f2000000,0x0000000100000000)
 ParOldGen       total 1013248K, used 669733K [0x0000000081c00000, 0x00000000bf980000, 0x00000000d5f00000)
  object space 1013248K, 66% used [0x0000000081c00000,0x00000000aaa09798,0x00000000bf980000)
 Metaspace       used 11201K, capacity 11497K, committed 11776K, reserved 1060864K
  class space    used 888K, capacity 986K, committed 1024K, reserved 1048576K
}
Event: 126.253 GC heap before
{Heap before GC invocations=51 (full 7):
 PSYoungGen      total 458240K, used 275664K [0x00000000d5f00000, 0x0000000100000000, 0x0000000100000000)
  eden space 228864K, 100% used [0x00000000d5f00000,0x00000000e3e80000,0x00000000e3e80000)
  from space 229376K, 20% used [0x00000000e3e80000,0x00000000e6c34030,0x00000000f1e80000)
  to   space 229376K, 0% used [0x00000000f2000000,0x00000000f2000000,0x0000000100000000)
 ParOldGen       total 1013248K, used 669733K [0x0000000081c00000, 0x00000000bf980000, 0x00000000d5f00000)
  object space 1013248K, 66% used [0x0000000081c00000,0x00000000aaa09798,0x00000000bf980000)
 Metaspace       used 11201K, capacity 11497K, committed 11776K, reserved 1060864K
  class space    used 888K, capacity 986K, committed 1024K, reserved 1048576K
Event: 126.448 GC heap after
Heap after GC invocations=51 (full 7):
 PSYoungGen      total 450560K, used 49744K [0x00000000d5f00000, 0x00000000ff700000, 0x0000000100000000)
  eden space 230400K, 0% used [0x00000000d5f00000,0x00000000d5f00000,0x00000000e4000000)
  from space 220160K, 22% used [0x00000000f2000000,0x00000000f5094050,0x00000000ff700000)
  to   space 224768K, 0% used [0x00000000e4000000,0x00000000e4000000,0x00000000f1b80000)
 ParOldGen       total 1013248K, used 701934K [0x0000000081c00000, 0x00000000bf980000, 0x00000000d5f00000)
  object space 1013248K, 69% used [0x0000000081c00000,0x00000000ac97b818,0x00000000bf980000)
 Metaspace       used 11201K, capacity 11497K, committed 11776K, reserved 1060864K
  class space    used 888K, capacity 986K, committed 1024K, reserved 1048576K
}
Event: 130.808 GC heap before
{Heap before GC invocations=52 (full 7):
 PSYoungGen      total 450560K, used 280144K [0x00000000d5f00000, 0x00000000ff700000, 0x0000000100000000)
  eden space 230400K, 100% used [0x00000000d5f00000,0x00000000e4000000,0x00000000e4000000)
  from space 220160K, 22% used [0x00000000f2000000,0x00000000f5094050,0x00000000ff700000)
  to   space 224768K, 0% used [0x00000000e4000000,0x00000000e4000000,0x00000000f1b80000)
 ParOldGen       total 1013248K, used 701934K [0x0000000081c00000, 0x00000000bf980000, 0x00000000d5f00000)
  object space 1013248K, 69% used [0x0000000081c00000,0x00000000ac97b818,0x00000000bf980000)
 Metaspace       used 11201K, capacity 11497K, committed 11776K, reserved 1060864K
  class space    used 888K, capacity 986K, committed 1024K, reserved 1048576K
Event: 130.915 GC heap after
Heap after GC invocations=52 (full 7):
 PSYoungGen      total 455168K, used 113761K [0x00000000d5f00000, 0x00000000ff800000, 0x0000000100000000)
  eden space 230400K, 0% used [0x00000000d5f00000,0x00000000d5f00000,0x00000000e4000000)
  from space 224768K, 50% used [0x00000000e4000000,0x00000000eaf187a8,0x00000000f1b80000)
  to   space 222720K, 0% used [0x00000000f1e80000,0x00000000f1e80000,0x00000000ff800000)
 ParOldGen       total 1013248K, used 701934K [0x0000000081c00000, 0x00000000bf980000, 0x00000000d5f00000)
  object space 1013248K, 69% used [0x0000000081c00000,0x00000000ac97b818,0x00000000bf980000)
 Metaspace       used 11201K, capacity 11497K, committed 11776K, reserved 1060864K
  class space    used 888K, capacity 986K, committed 1024K, reserved 1048576K
}
Event: 135.004 GC heap before
{Heap before GC invocations=53 (full 7):
 PSYoungGen      total 455168K, used 344161K [0x00000000d5f00000, 0x00000000ff800000, 0x0000000100000000)
  eden space 230400K, 100% used [0x00000000d5f00000,0x00000000e4000000,0x00000000e4000000)
  from space 224768K, 50% used [0x00000000e4000000,0x00000000eaf187a8,0x00000000f1b80000)
  to   space 222720K, 0% used [0x00000000f1e80000,0x00000000f1e80000,0x00000000ff800000)
 ParOldGen       total 1013248K, used 701934K [0x0000000081c00000, 0x00000000bf980000, 0x00000000d5f00000)
  object space 1013248K, 69% used [0x0000000081c00000,0x00000000ac97b818,0x00000000bf980000)
 Metaspace       used 11201K, capacity 11497K, committed 11776K, reserved 1060864K
  class space    used 888K, capacity 986K, committed 1024K, reserved 1048576K
Event: 135.101 GC heap after
Heap after GC invocations=53 (full 7):
 PSYoungGen      total 452096K, used 111196K [0x00000000d5f00000, 0x00000000ff200000, 0x0000000100000000)
  eden space 235520K, 0% used [0x00000000d5f00000,0x00000000d5f00000,0x00000000e4500000)
  from space 216576K, 51% used [0x00000000f1e80000,0x00000000f8b17268,0x00000000ff200000)
  to   space 219648K, 0% used [0x00000000e4500000,0x00000000e4500000,0x00000000f1b80000)
 ParOldGen       total 1013248K, used 701934K [0x0000000081c00000, 0x00000000bf980000, 0x00000000d5f00000)
  object space 1013248K, 69% used [0x0000000081c00000,0x00000000ac97b818,0x00000000bf980000)
 Metaspace       used 11201K, capacity 11497K, committed 11776K, reserved 1060864K
  class space    used 888K, capacity 986K, committed 1024K, reserved 1048576K
}
Event: 136.363 GC heap before
{Heap before GC invocations=54 (full 7):
 PSYoungGen      total 452096K, used 346716K [0x00000000d5f00000, 0x00000000ff200000, 0x0000000100000000)
  eden space 235520K, 100% used [0x00000000d5f00000,0x00000000e4500000,0x00000000e4500000)
  from space 216576K, 51% used [0x00000000f1e80000,0x00000000f8b17268,0x00000000ff200000)
  to   space 219648K, 0% used [0x00000000e4500000,0x00000000e4500000,0x00000000f1b80000)
 ParOldGen       total 1013248K, used 701934K [0x0000000081c00000, 0x00000000bf980000, 0x00000000d5f00000)
  object space 1013248K, 69% used [0x0000000081c00000,0x00000000ac97b818,0x00000000bf980000)
 Metaspace       used 11201K, capacity 11497K, committed 11776K, reserved 1060864K
  class space    used 888K, capacity 986K, committed 1024K, reserved 1048576K
Event: 136.451 GC heap after
Heap after GC invocations=54 (full 7):
 PSYoungGen      total 455168K, used 113959K [0x00000000d5f00000, 0x00000000ff280000, 0x0000000100000000)
  eden space 235520K, 0% used [0x00000000d5f00000,0x00000000d5f00000,0x00000000e4500000)
  from space 219648K, 51% used [0x00000000e4500000,0x00000000eb449fe0,0x00000000f1b80000)
  to   space 216576K, 0% used [0x00000000f1f00000,0x00000000f1f00000,0x00000000ff280000)
 ParOldGen       total 1013248K, used 701934K [0x0000000081c00000, 0x00000000bf980000, 0x00000000d5f00000)
  object space 1013248K, 69% used [0x0000000081c00000,0x00000000ac97b818,0x00000000bf980000)
 Metaspace       used 11201K, capacity 11497K, committed 11776K, reserved 1060864K
  class space    used 888K, capacity 986K, committed 1024K, reserved 1048576K
}

